<?xml version="1.0" encoding="UTF-8"?>
<!-- Generated by org.testng.reporters.JUnitReportReporter -->
<testsuite hostname="LE15-GNK1-IND" failures="0" tests="1" name="gayatri.Streamsofjava" time="0.010" errors="0" timestamp="2022-03-08T17:54:49 IST" skipped="0">
  <testcase classname="gayatri.Streamsofjava" name="streamCollect" time="0.010"/>
  <system-out/>
</testsuite> <!-- gayatri.Streamsofjava -->
